Watching for file changes with StatReloader
Watching for file changes with StatReloader
"GET /graph/bt HTTP/1.1" 200 38618
"GET /graph/bt HTTP/1.1" 200 38618
Not Found: /favicon.ico
"GET /favicon.ico HTTP/1.1" 404 2330
"GET /graph/bt HTTP/1.1" 200 38618
Not Found: /favicon.ico
"GET /favicon.ico HTTP/1.1" 404 2330
C:\Users\user\git\BTScraping\bt_scraping\bt_scraping\settings.py changed, reloading.
Watching for file changes with StatReloader
C:\Users\user\git\BTScraping\bt_scraping\bt_scraping\settings.py changed, reloading.
Watching for file changes with StatReloader
C:\Users\user\git\BTScraping\bt_scraping\bt_scraping\settings.py changed, reloading.
Watching for file changes with StatReloader
C:\Users\user\git\BTScraping\bt_scraping\bt_scraping\settings.py changed, reloading.
Watching for file changes with StatReloader
C:\Users\user\git\BTScraping\bt_scraping\bt_scraping\settings.py changed, reloading.
Watching for file changes with StatReloader
"GET /graph/bt HTTP/1.1" 200 38618
Not Found: /graph/btsdasd
"GET /graph/btsdasd HTTP/1.1" 404 2402
"GET /graph/bt HTTP/1.1" 200 38618
